<?xml version="1.0" encoding="UTF-8"?>
<testsuite xmlns:xsi="http://www.w3.org/2001/XMLSchema-instance" xsi:noNamespaceSchemaLocation="https://maven.apache.org/surefire/maven-surefire-plugin/xsd/surefire-test-report-3.0.xsd" version="3.0" name="TwoSum.TwoSumTest" time="0.104" tests="4" errors="0" skipped="0" failures="0">
  <properties>
[...]
</properties>
  <testcase name="basicTests(int[], int, int[])[1]" classname="TwoSum.TwoSumTest" time="0.041"/>
  <testcase name="basicTests(int[], int, int[])[2]" classname="TwoSum.TwoSumTest" time="0.002"/>
  <testcase name="basicTests(int[], int, int[])[3]" classname="TwoSum.TwoSumTest" time="0.001"/>
  <testcase name="basicTests(int[], int, int[])[4]" classname="TwoSum.TwoSumTest" time="0.001"/>
</testsuite>